d:\kunal_workspace\qt\hermite\algorithm\x64\debug\algorithm.pch
d:\kunal_workspace\qt\hermite\algorithm\x64\debug\vc143.pdb
d:\kunal_workspace\qt\hermite\algorithm\x64\debug\vc143.idb
d:\kunal_workspace\qt\hermite\algorithm\x64\debug\pch.obj
d:\kunal_workspace\qt\hermite\algorithm\x64\debug\hermite.obj
d:\kunal_workspace\qt\hermite\algorithm\x64\debug\dllmain.obj
d:\kunal_workspace\qt\hermite\algorithm\x64\debug\algorithm.obj
d:\kunal_workspace\qt\hermite\algorithm\x64\debug\algorithm.ilk
d:\kunal_workspace\qt\hermite\x64\debug\algorithm.dll
d:\kunal_workspace\qt\hermite\x64\debug\algorithm.pdb
d:\kunal_workspace\qt\hermite\x64\debug\algorithm.lib
d:\kunal_workspace\qt\hermite\x64\debug\algorithm.exp
d:\kunal_workspace\qt\hermite\algorithm\x64\debug\algorithm.tlog\cl.command.1.tlog
d:\kunal_workspace\qt\hermite\algorithm\x64\debug\algorithm.tlog\cl.items.tlog
d:\kunal_workspace\qt\hermite\algorithm\x64\debug\algorithm.tlog\cl.read.1.tlog
d:\kunal_workspace\qt\hermite\algorithm\x64\debug\algorithm.tlog\cl.write.1.tlog
d:\kunal_workspace\qt\hermite\algorithm\x64\debug\algorithm.tlog\link.command.1.tlog
d:\kunal_workspace\qt\hermite\algorithm\x64\debug\algorithm.tlog\link.read.1.tlog
d:\kunal_workspace\qt\hermite\algorithm\x64\debug\algorithm.tlog\link.write.1.tlog
d:\kunal_workspace\qt\hermite\algorithm\x64\debug\algorithm.tlog\link.write.2u.tlog
